Automated TeX Live installation using profile: ../texlive.profile
Loading http://mirror.utexas.edu/ctan/systems/texlive/tlnet/tlpkg/texlive.tlpdb
Installing TeX Live 2014 from: http://mirror.utexas.edu/ctan/systems/texlive/tlnet
Platform: x86_64-linux => 'GNU/Linux on x86_64'
Distribution: net  (downloading)
Using URL: http://mirror.utexas.edu/ctan/systems/texlive/tlnet
Directory for temporary files: /tmp
Installer revision: 35719
Database revision: 35988
Settings:
  TEXDIR: "/home/travis/R-bin/texlive"
  TEXMFCONFIG: "~/.texlive2014/texmf-config"
  TEXMFHOME: "~/texmf"
  TEXMFLOCAL: "/home/travis/R-bin/texlive/texmf-local"
  TEXMFSYSCONFIG: "//home/travis/R-bin/texlive/texmf-config"
  TEXMFSYSVAR: "/home/travis/R-bin/texlive/texmf-var"
  TEXMFVAR: "~/.texlive2014/texmf-var"
  binary_alpha-linux: "0"
  binary_amd64-freebsd: "0"
  binary_amd64-kfreebsd: "0"
  binary_amd64-netbsd: "0"
  binary_armel-linux: "0"
  binary_armhf-linux: "0"
  binary_i386-cygwin: "0"
  binary_i386-freebsd: "0"
  binary_i386-kfreebsd: "0"
  binary_i386-linux: "0"
  binary_i386-netbsd: "0"
  binary_i386-solaris: "0"
  binary_mipsel-linux: "0"
  binary_powerpc-linux: "0"
  binary_sparc-solaris: "0"
  binary_universal-darwin: "0"
  binary_win32: "0"
  binary_x86_64-cygwin: "0"
  binary_x86_64-darwin: "0"
  binary_x86_64-linux: "1"
  binary_x86_64-solaris: "0"
  collection-basic: "1"
  collection-bibtexextra: "0"
  collection-binextra: "0"
  collection-context: "0"
  collection-fontsextra: "0"
  collection-fontsrecommended: "0"
  collection-fontutils: "0"
  collection-formatsextra: "0"
  collection-games: "0"
  collection-genericextra: "0"
  collection-genericrecommended: "0"
  collection-htmlxml: "0"
  collection-humanities: "0"
  collection-langafrican: "0"
  collection-langarabic: "0"
  collection-langchinese: "0"
  collection-langcjk: "0"
  collection-langcyrillic: "0"
  collection-langczechslovak: "0"
  collection-langenglish: "0"
  collection-langeuropean: "0"
  collection-langfrench: "0"
  collection-langgerman: "0"
  collection-langgreek: "0"
  collection-langindic: "0"
  collection-langitalian: "0"
  collection-langjapanese: "0"
  collection-langkorean: "0"
  collection-langother: "0"
  collection-langpolish: "0"
  collection-langportuguese: "0"
  collection-langspanish: "0"
  collection-latex: "1"
  collection-latexextra: "0"
  collection-latexrecommended: "0"
  collection-luatex: "0"
  collection-mathextra: "0"
  collection-metapost: "0"
  collection-music: "0"
  collection-omega: "0"
  collection-pictures: "0"
  collection-plainextra: "0"
  collection-pstricks: "0"
  collection-publishers: "0"
  collection-science: "0"
  collection-texworks: "0"
  collection-wintools: "0"
  collection-xetex: "0"
  doc_splitting_supported: "1"
  in_place: "0"
  inst_platform: "x86_64-linux"
  n_collections_available: "48"
  n_collections_selected: "47"
  n_systems_available: "21"
  n_systems_selected: "1"
  option_adjustrepo: "1"
  option_autobackup: "1"
  option_backupdir: "tlpkg/backups"
  option_desktop_integration: "0"
  option_doc: "0"
  option_file_assocs: "0"
  option_fmt: "0"
  option_letter: "1"
  option_menu_integration: "1"
  option_path: "0"
  option_post_code: "1"
  option_src: "0"
  option_sys_bin: "/usr/local/bin"
  option_sys_info: "/usr/local/share/info"
  option_sys_man: "/usr/local/share/man"
  option_w32_multi_user: "0"
  option_write18_restricted: "1"
  portable: "0"
  selected_scheme: "scheme-custom"
  src_splitting_supported: "1"
  this_platform: "x86_64-linux"
  total_size: "0"
Installing to: /home/travis/R-bin/texlive
Installing [01/84, time/total: ??:??/??:??]: ae [56k]
Installing [02/84, time/total: 00:00/00:00]: amscls [32k]
Installing [03/84, time/total: 00:01/02:39]: amsfonts [3542k]
Installing [04/84, time/total: 00:02/00:07]: amsmath [29k]
Installing [05/84, time/total: 00:03/00:11]: babel [23k]
Installing [06/84, time/total: 00:03/00:11]: babel-english [3k]
Installing [07/84, time/total: 00:03/00:11]: babelbib [26k]
Installing [08/84, time/total: 00:03/00:11]: bibtex [13k]
Installing [09/84, time/total: 00:03/00:11]: bibtex.x86_64-linux [70k]
Installing [10/84, time/total: 00:04/00:14]: carlisle [12k]
Installing [11/84, time/total: 00:04/00:14]: cm [234k]
Installing [12/84, time/total: 00:04/00:13]: collection-basic [1k]
Installing [13/84, time/total: 00:04/00:13]: collection-latex [1k]
Installing [14/84, time/total: 00:05/00:17]: colortbl [4k]
Installing [15/84, time/total: 00:05/00:17]: dvipdfmx [27k]
Installing [16/84, time/total: 00:05/00:17]: dvipdfmx-def [4k]
Installing [17/84, time/total: 00:05/00:17]: dvipdfmx.x86_64-linux [374k]
Installing [18/84, time/total: 00:06/00:18]: dvips [149k]
Installing [19/84, time/total: 00:06/00:18]: dvips.x86_64-linux [137k]
Installing [20/84, time/total: 00:07/00:20]: enctex [24k]
Installing [21/84, time/total: 00:07/00:20]: etex [12k]
Installing [22/84, time/total: 00:07/00:20]: etex-pkg [5k]
Installing [23/84, time/total: 00:07/00:20]: fancyhdr [9k]
Installing [24/84, time/total: 00:07/00:20]: fix2col [3k]
Installing [25/84, time/total: 00:08/00:23]: geometry [9k]
Installing [26/84, time/total: 00:08/00:23]: glyphlist [25k]
Installing [27/84, time/total: 00:08/00:23]: graphics [13k]
Installing [28/84, time/total: 00:08/00:23]: gsftopk [4k]
Installing [29/84, time/total: 00:08/00:23]: gsftopk.x86_64-linux [39k]
Installing [30/84, time/total: 00:09/00:25]: hyperref [105k]
Installing [31/84, time/total: 00:09/00:25]: hyph-utf8 [1000k]
Installing [32/84, time/total: 00:10/00:23]: hyphen-base [22k]
Installing [33/84, time/total: 00:10/00:23]: ifluatex [3k]
Installing [34/84, time/total: 00:10/00:23]: ifxetex [2k]
Installing [35/84, time/total: 00:11/00:25]: knuth-lib [30k]
Installing [36/84, time/total: 00:11/00:25]: knuth-local [23k]
Installing [37/84, time/total: 00:11/00:25]: kpathsea [30k]
Installing [38/84, time/total: 00:11/00:25]: kpathsea.x86_64-linux [44k]
Installing [39/84, time/total: 00:11/00:25]: latex [148k]
Installing [40/84, time/total: 00:12/00:26]: latex-bin [1k]
Installing [41/84, time/total: 00:12/00:26]: latex-bin.x86_64-linux [1k]
Installing [42/84, time/total: 00:12/00:26]: latex-fonts [18k]
Installing [43/84, time/total: 00:12/00:26]: latexconfig [8k]
Installing [44/84, time/total: 00:12/00:26]: ltxmisc [16k]
Installing [45/84, time/total: 00:13/00:28]: lua-alt-getopt [2k]
Installing [46/84, time/total: 00:13/00:28]: luatex [13k]
Installing [47/84, time/total: 00:13/00:28]: luatex.x86_64-linux [4798k]
Installing [48/84, time/total: 00:15/00:18]: makeindex [5k]
Installing [49/84, time/total: 00:15/00:18]: makeindex.x86_64-linux [46k]
Installing [50/84, time/total: 00:15/00:18]: metafont [33k]
Installing [51/84, time/total: 00:15/00:18]: metafont.x86_64-linux [187k]
Installing [52/84, time/total: 00:16/00:19]: mflogo [2k]
Installing [53/84, time/total: 00:16/00:19]: mfnfss [2k]
Installing [54/84, time/total: 00:16/00:19]: mfware [5k]
Installing [55/84, time/total: 00:16/00:19]: mfware.x86_64-linux [117k]
Installing [56/84, time/total: 00:17/00:20]: mptopdf [38k]
Installing [57/84, time/total: 00:17/00:20]: mptopdf.x86_64-linux [1k]
Installing [58/84, time/total: 00:17/00:20]: natbib [17k]
Installing [59/84, time/total: 00:17/00:20]: oberdiek [222k]
Installing [60/84, time/total: 00:18/00:21]: pdftex [148k]
Installing [61/84, time/total: 00:18/00:21]: pdftex-def [14k]
Installing [62/84, time/total: 00:18/00:21]: pdftex.x86_64-linux [667k]
Installing [63/84, time/total: 00:19/00:21]: plain [30k]
Installing [64/84, time/total: 00:19/00:21]: pslatex [6k]
Installing [65/84, time/total: 00:19/00:21]: psnfss [12k]
Installing [66/84, time/total: 00:20/00:22]: pspicture [2k]
Installing [67/84, time/total: 00:20/00:22]: tetex [52k]
Installing [68/84, time/total: 00:20/00:22]: tetex.x86_64-linux [1k]
Installing [69/84, time/total: 00:20/00:22]: tex [1k]
Installing [70/84, time/total: 00:20/00:22]: tex.x86_64-linux [169k]
Installing [71/84, time/total: 00:21/00:22]: texconfig [13k]
Installing [72/84, time/total: 00:21/00:22]: texconfig.x86_64-linux [1k]
Installing [73/84, time/total: 00:21/00:22]: texlive-common [1k]
Installing [74/84, time/total: 00:21/00:22]: texlive-docindex [108k]
Installing [75/84, time/total: 00:22/00:23]: texlive-en [1k]
Installing [76/84, time/total: 00:22/00:23]: texlive-msg-translations [109k]
Installing [77/84, time/total: 00:22/00:23]: texlive-scripts [63k]
Installing [78/84, time/total: 00:23/00:24]: texlive-scripts.x86_64-linux [1k]
Installing [79/84, time/total: 00:23/00:24]: texlive.infra [203k]
Installing [80/84, time/total: 00:23/00:24]: texlive.infra.x86_64-linux [81k]
Installing [81/84, time/total: 00:23/00:23]: tools [38k]
Installing [82/84, time/total: 00:24/00:24]: url [6k]
Installing [83/84, time/total: 00:24/00:24]: xdvi [7k]
Installing [84/84, time/total: 00:24/00:24]: xdvi.x86_64-linux [482k]
Time used for installing the packages: 00:25
running mktexlsr /home/travis/R-bin/texlive/texmf-dist ...
writing fmtutil.cnf to /home/travis/R-bin/texlive/texmf-var/web2c/fmtutil.cnf
writing updmap.cfg to /home/travis/R-bin/texlive/texmf-dist/web2c/updmap.cfg
writing language.dat to /home/travis/R-bin/texlive/texmf-var/tex/generic/config/language.dat
writing language.def to /home/travis/R-bin/texlive/texmf-var/tex/generic/config/language.def
writing language.dat.lua to /home/travis/R-bin/texlive/texmf-var/tex/generic/config/language.dat.lua
running mktexlsr /home/travis/R-bin/texlive/texmf-var //home/travis/R-bin/texlive/texmf-config /home/travis/R-bin/texlive/texmf-dist ...
running updmap-sys --nohash ...done
updmap will read the following updmap.cfg files (in precedence order):
  /home/travis/R-bin/texlive/texmf-dist/web2c/updmap.cfg
updmap may write changes to the following updmap.cfg file:
  //home/travis/R-bin/texlive/texmf-config/web2c/updmap.cfg
dvips output dir: "/home/travis/R-bin/texlive/texmf-var/fonts/map/dvips/updmap"
pdftex output dir: "/home/travis/R-bin/texlive/texmf-var/fonts/map/pdftex/updmap"
dvipdfmx output dir: "/home/travis/R-bin/texlive/texmf-var/fonts/map/dvipdfmx/updmap"

updmap is creating new map files
using the following configuration:
  LW35 font names                  : URWkb (/home/travis/R-bin/texlive/texmf-dist/web2c/updmap.cfg)
  prefer outlines                  : true (/home/travis/R-bin/texlive/texmf-dist/web2c/updmap.cfg)
  texhash enabled                  : false
  download standard fonts (dvips)  : true (/home/travis/R-bin/texlive/texmf-dist/web2c/updmap.cfg)
  download standard fonts (pdftex) : true (/home/travis/R-bin/texlive/texmf-dist/web2c/updmap.cfg)
  kanjiEmbed replacement string    : noEmbed (/home/travis/R-bin/texlive/texmf-dist/web2c/updmap.cfg)
  kanjiVariant replacement string  :  (default)
  create a mapfile for pxdvi       : false (default)

Scanning for LW35 support files  [  3 files]
Scanning for MixedMap entries    [  6 files]
Scanning for KanjiMap entries    [  0 files]
Scanning for Map entries         [  7 files]

Generating output for dvipdfmx...
Generating output for ps2pk...
Generating output for dvips...
Generating output for pdftex...

Files generated:
  /home/travis/R-bin/texlive/texmf-var/fonts/map/dvips/updmap:
       15802 2015-01-08 22:14:28 builtin35.map
       21275 2015-01-08 22:14:28 download35.map
       23949 2015-01-08 22:14:28 psfonts_pk.map
       27800 2015-01-08 22:14:28 psfonts_t1.map
       27795 2015-01-08 22:14:28 ps2pk.map
          14 2015-01-08 22:14:28 psfonts.map -> psfonts_t1.map
  /home/travis/R-bin/texlive/texmf-var/fonts/map/pdftex/updmap:
       27802 2015-01-08 22:14:28 pdftex_dl14.map
       26137 2015-01-08 22:14:28 pdftex_ndl14.map
          15 2015-01-08 22:14:29 pdftex.map -> pdftex_dl14.map
  /home/travis/R-bin/texlive/texmf-var/fonts/map/dvipdfmx/updmap:
         325 2015-01-08 22:14:28 kanjix.map

Transcript written on "/home/travis/R-bin/texlive/texmf-var/web2c/updmap.log".
setting default paper size to letter:
running tlmgr --no-execute-actions paper letter ...done
/home/travis/R-bin/texlive/bin/x86_64-linux/tlmgr: setting paper size for dvipdfmx to letter.
/home/travis/R-bin/texlive/bin/x86_64-linux/tlmgr: setting paper size for dvips to letter.
/home/travis/R-bin/texlive/bin/x86_64-linux/tlmgr: setting paper size for pdftex to letter.
/home/travis/R-bin/texlive/bin/x86_64-linux/tlmgr: setting paper size for xdvi to letter.
re-running mktexlsr /home/travis/R-bin/texlive/texmf-var //home/travis/R-bin/texlive/texmf-config ...
running package-specific postactions
postaction install script for dvipdfmx: perl /home/travis/R-bin/texlive/tlpkg/tlpostcode/dvipdfmx.pl
finished with package-specific postactions
